<?xml version="1.0" encoding="UTF-8"?>
<!-- Generated by org.testng.reporters.JUnitReportReporter -->
<testsuite hostname="DESKTOP-TU7Q0A0" name="com.tests.LoginTest" tests="1" failures="0" timestamp="4 Apr 2021 16:06:36 GMT" time="3.690" errors="0">
  <testcase name="test_Home_Page_Appear_Correct" time="3.690" classname="com.tests.LoginTest"/>
</testsuite> <!-- com.tests.LoginTest -->
