<?xml version="1.0" encoding="UTF-8"?>
<!-- Generated by org.testng.reporters.JUnitReportReporter -->
<testsuite hostname="DESKTOP-TU7Q0A0" name="test.LoginPage" tests="1" failures="0" timestamp="3 Apr 2021 15:55:46 GMT" time="4.800" errors="0">
  <testcase name="test_Home_Page_Appear_Correct" time="4.800" classname="test.LoginPage"/>
</testsuite> <!-- test.LoginPage -->
