<?xml version="1.0" encoding="UTF-8"?>
<!-- Generated by org.testng.reporters.JUnitReportReporter -->
<testsuite hostname="DESKTOP-TU7Q0A0" name="test.Test99GuruLoginWithPageFactory" tests="1" failures="0" timestamp="3 Apr 2021 15:20:11 GMT" time="4.374" errors="0">
  <testcase name="test_Home_Page_Appear_Correct" time="4.374" classname="test.Test99GuruLoginWithPageFactory"/>
</testsuite> <!-- test.Test99GuruLoginWithPageFactory -->
