<?xml version="1.0" encoding="UTF-8"?>
<!-- Generated by org.testng.reporters.JUnitReportReporter -->
<testsuite hostname="DESKTOP-TU7Q0A0" name="com.amazon.AmazonSearch" tests="1" failures="0" timestamp="31 Mar 2021 13:04:30 GMT" time="35.267" errors="0">
  <testcase name="verifySearchButton" time="35.267" classname="com.amazon.AmazonSearch"/>
</testsuite> <!-- com.amazon.AmazonSearch -->
