<?xml version="1.0" encoding="UTF-8"?>
<!-- Generated by org.testng.reporters.JUnitReportReporter -->
<testsuite hostname="kiran-PC" name="com.amazon.AmazonSearch" tests="1" failures="0" timestamp="3 Nov 2017 02:44:48 GMT" time="222.252" errors="0">
  <testcase name="verifySearchButton" time="222.252" classname="com.amazon.AmazonSearch"/>
</testsuite> <!-- com.amazon.AmazonSearch -->
